[01-Feb-2014 04:01:12 UTC] PHP Fatal error:  Cannot declare property SurveyConstants::$genders final, the final modifier is allowed only for methods and classes in /home/ectrian/Dropbox/CRUSHPARTY/project/helpers/SurveySystem.php on line 8
[01-Feb-2014 04:01:28 UTC] PHP Fatal error:  Cannot declare property SurveyConstants::$questions final, the final modifier is allowed only for methods and classes in /home/ectrian/Dropbox/CRUSHPARTY/project/helpers/SurveySystem.php on line 39
[01-Feb-2014 04:01:36 UTC] PHP Parse error:  syntax error, unexpected 'key' (T_STRING), expecting variable (T_VARIABLE) in /home/ectrian/Dropbox/CRUSHPARTY/project/helpers/SurveySystem.php on line 77
[01-Feb-2014 04:03:22 UTC] PHP Parse error:  syntax error, unexpected '}', expecting ',' or ';' in /home/ectrian/Dropbox/CRUSHPARTY/project/cache/blade-a9493c1a9e002a53676d5d719988a391.blade on line 22
[01-Feb-2014 04:43:02 UTC] PHP Parse error:  syntax error, unexpected 'default' (T_DEFAULT), expecting '(' in /home/ectrian/Dropbox/CRUSHPARTY/project/webapp.php on line 31
[01-Feb-2014 04:44:59 UTC] PHP Parse error:  syntax error, unexpected '(' in /home/ectrian/Dropbox/CRUSHPARTY/project/webapp.php on line 54
[01-Feb-2014 04:45:10 UTC] PHP Parse error:  syntax error, unexpected '(' in /home/ectrian/Dropbox/CRUSHPARTY/project/webapp.php on line 54
[01-Feb-2014 04:50:58 UTC] PHP Parse error:  syntax error, unexpected '[', expecting '(' in /home/ectrian/Dropbox/CRUSHPARTY/project/helpers/SurveySystem.php on line 47
[01-Feb-2014 04:53:26 UTC] PHP Parse error:  syntax error, unexpected '[', expecting '(' in /home/ectrian/Dropbox/CRUSHPARTY/project/helpers/SurveySystem.php on line 47
HipHop Fatal error: syntax error, unexpected T_ARRAY, expecting ')' in /home/ectrian/Dropbox/CRUSHPARTY/project/helpers/SurveySystem.php on line 236
HipHop Fatal error: syntax error, unexpected T_ARRAY, expecting ')' in /home/ectrian/Dropbox/CRUSHPARTY/project/helpers/SurveySystem.php on line 236
HipHop Fatal error: syntax error, unexpected T_ARRAY, expecting ')' in /home/ectrian/Dropbox/CRUSHPARTY/project/helpers/SurveySystem.php on line 236
[01-Feb-2014 05:43:40 UTC] PHP Parse error:  syntax error, unexpected 'array' (T_ARRAY), expecting ')' in /home/ectrian/Dropbox/CRUSHPARTY/project/helpers/SurveySystem.php on line 236
[01-Feb-2014 05:44:49 UTC] PHP Parse error:  syntax error, unexpected ';' in /home/ectrian/Dropbox/CRUSHPARTY/project/helpers/SurveySystem.php on line 254
[01-Feb-2014 06:09:56 UTC] PHP Parse error:  syntax error, unexpected '$q' (T_VARIABLE) in /home/ectrian/Dropbox/CRUSHPARTY/project/webapp.php on line 64
[01-Feb-2014 06:48:17 UTC] PHP Fatal error:  Call to undefined function error() in /home/matthew/CRUSHPARTY/cache/blade-65b6a3e3d86f50019b955bf586192bea.blade on line 10
[01-Feb-2014 06:59:46 UTC] PHP Parse error:  syntax error, unexpected '(', expecting ',' or ';' in /home/matthew/CRUSHPARTY/helpers/SurveySystem.php on line 7
[01-Feb-2014 07:45:19 UTC] PHP Parse error:  syntax error, unexpected '$stmt' (T_VARIABLE) in /home/matthew/CRUSHPARTY/helpers/SurveySystem.php on line 379
[01-Feb-2014 07:47:25 UTC] PHP Fatal error:  Call to a member function write() on a non-object in /home/matthew/CRUSHPARTY/webapp.php on line 161
[01-Feb-2014 08:45:40 UTC] PHP Fatal error:  Maximum execution time of 60 seconds exceeded in /home/matthew/CRUSHPARTY/helpers/SurveySystem.php on line 502
[01-Feb-2014 18:05:44 UTC] PHP Fatal error:  Class 'MaxAccumulator' not found in /home/matthew/rpccrushparty/helpers/SurveySystem.php on line 72
[01-Feb-2014 18:14:51 UTC] PHP Fatal error:  Cannot call constructor in /home/matthew/rpccrushparty/helpers/Accumulators.php on line 97
[01-Feb-2014 18:15:24 UTC] PHP Fatal error:  Class 'super' not found in /home/matthew/rpccrushparty/helpers/Accumulators.php on line 97
[01-Feb-2014 18:15:25 UTC] PHP Fatal error:  Class 'super' not found in /home/matthew/rpccrushparty/helpers/Accumulators.php on line 97
[01-Feb-2014 20:00:33 UTC] PHP Fatal error:  Can't inherit abstract function SplHeap::compare() (previously declared abstract in Accumulator) in /home/matthew/rpccrushparty/helpers/Accumulators.php on line 0
[01-Feb-2014 20:01:37 UTC] PHP Fatal error:  Can't inherit abstract function SplHeap::compare() (previously declared abstract in Accumulator) in /home/matthew/rpccrushparty/helpers/Accumulators.php on line 0
[01-Feb-2014 20:01:38 UTC] PHP Fatal error:  Can't inherit abstract function SplHeap::compare() (previously declared abstract in Accumulator) in /home/matthew/rpccrushparty/helpers/Accumulators.php on line 0
